Determining if the pthread_create exist failed with the following output:
Change Dir: /home/llp/tmp/cmake-opencv/build/CMakeFiles/CMakeTmp

Run Build Command:"/usr/bin/make" "cmTC_89032/fast"
/usr/bin/make -f CMakeFiles/cmTC_89032.dir/build.make CMakeFiles/cmTC_89032.dir/build
make[1]: Entering directory '/home/llp/tmp/cmake-opencv/build/CMakeFiles/CMakeTmp'
Building C object CMakeFiles/cmTC_89032.dir/CheckSymbolExists.c.o
/usr/bin/cc    -fPIC    -o CMakeFiles/cmTC_89032.dir/CheckSymbolExists.c.o   -c /home/llp/tmp/cmake-opencv/build/CMakeFiles/CMakeTmp/CheckSymbolExists.c
Linking C executable cmTC_89032
/usr/bin/cmake -E cmake_link_script CMakeFiles/cmTC_89032.dir/link.txt --verbose=1
/usr/bin/cc  -fPIC     CMakeFiles/cmTC_89032.dir/CheckSymbolExists.c.o  -o cmTC_89032 -rdynamic 
CMakeFiles/cmTC_89032.dir/CheckSymbolExists.c.o: In function `main':
CheckSymbolExists.c:(.text+0x1b): undefined reference to `pthread_create'
collect2: error: ld returned 1 exit status
CMakeFiles/cmTC_89032.dir/build.make:97: recipe for target 'cmTC_89032' failed
make[1]: *** [cmTC_89032] Error 1
make[1]: Leaving directory '/home/llp/tmp/cmake-opencv/build/CMakeFiles/CMakeTmp'
Makefile:126: recipe for target 'cmTC_89032/fast' failed
make: *** [cmTC_89032/fast] Error 2

File /home/llp/tmp/cmake-opencv/build/CMakeFiles/CMakeTmp/CheckSymbolExists.c:
/* */
#include <pthread.h>

int main(int argc, char** argv)
{
  (void)argv;
#ifndef pthread_create
  return ((int*)(&pthread_create))[argc];
#else
  (void)argc;
  return 0;
#endif
}

Determining if the function pthread_create exists in the pthreads failed with the following output:
Change Dir: /home/llp/tmp/cmake-opencv/build/CMakeFiles/CMakeTmp

Run Build Command:"/usr/bin/make" "cmTC_be884/fast"
/usr/bin/make -f CMakeFiles/cmTC_be884.dir/build.make CMakeFiles/cmTC_be884.dir/build
make[1]: Entering directory '/home/llp/tmp/cmake-opencv/build/CMakeFiles/CMakeTmp'
Building C object CMakeFiles/cmTC_be884.dir/CheckFunctionExists.c.o
/usr/bin/cc    -fPIC -DCHECK_FUNCTION_EXISTS=pthread_create   -o CMakeFiles/cmTC_be884.dir/CheckFunctionExists.c.o   -c /usr/share/cmake-3.5/Modules/CheckFunctionExists.c
Linking C executable cmTC_be884
/usr/bin/cmake -E cmake_link_script CMakeFiles/cmTC_be884.dir/link.txt --verbose=1
/usr/bin/cc  -fPIC -DCHECK_FUNCTION_EXISTS=pthread_create    CMakeFiles/cmTC_be884.dir/CheckFunctionExists.c.o  -o cmTC_be884 -rdynamic -lpthreads 
/usr/bin/ld: cannot find -lpthreads
collect2: error: ld returned 1 exit status
CMakeFiles/cmTC_be884.dir/build.make:97: recipe for target 'cmTC_be884' failed
make[1]: *** [cmTC_be884] Error 1
make[1]: Leaving directory '/home/llp/tmp/cmake-opencv/build/CMakeFiles/CMakeTmp'
Makefile:126: recipe for target 'cmTC_be884/fast' failed
make: *** [cmTC_be884/fast] Error 2


